<?xml version="1.0" encoding="UTF-8"?>
<testng-results ignored="0" total="1" passed="1" failed="0" skipped="0">
  <reporter-output>
  </reporter-output>
  <suite started-at="2024-07-04T12:25:29 IST" name="Suite" finished-at="2024-07-04T12:25:33 IST" duration-ms="4583">
    <groups>
    </groups>
    <test started-at="2024-07-04T12:25:29 IST" name="Test" finished-at="2024-07-04T12:25:33 IST" duration-ms="4583">
      <class name="trial.script.TC001">
        <test-method is-config="true" signature="setUp()[pri:0, instance:trial.script.TC001@3e08ff24]" started-at="2024-07-04T12:25:29 IST" name="setUp" finished-at="2024-07-04T12:25:32 IST" duration-ms="3126" status="PASS">
          <reporter-output>
          </reporter-output>
        </test-method> <!-- setUp -->
        <test-method signature="checkingTheLinks()[pri:0, instance:trial.script.TC001@3e08ff24]" started-at="2024-07-04T12:25:32 IST" name="checkingTheLinks" finished-at="2024-07-04T12:25:33 IST" duration-ms="986" status="PASS">
          <reporter-output>
          </reporter-output>
        </test-method> <!-- checkingTheLinks -->
        <test-method is-config="true" signature="tearDown()[pri:0, instance:trial.script.TC001@3e08ff24]" started-at="2024-07-04T12:25:33 IST" name="tearDown" finished-at="2024-07-04T12:25:33 IST" duration-ms="362" status="PASS">
          <reporter-output>
          </reporter-output>
        </test-method> <!-- tearDown -->
      </class> <!-- trial.script.TC001 -->
    </test> <!-- Test -->
  </suite> <!-- Suite -->
</testng-results>
